2023-08-23T00:25:00.866+03:00  INFO 18416 --- [File Watcher] rtingClassPathChangeChangedEventListener : Restarting due to 2 class path changes (0 additions, 1 deletion, 1 modification)
2023-08-23T00:25:01.077+03:00  INFO 18416 --- [Thread-8] o.apache.catalina.core.StandardService   : Stopping service [Tomcat]
2023-08-23T00:25:01.132+03:00  INFO 18416 --- [Thread-8] j.LocalContainerEntityManagerFactoryBean : Closing JPA EntityManagerFactory for persistence unit 'default'
2023-08-23T00:25:01.154+03:00  INFO 18416 --- [Thread-8] com.zaxxer.hikari.HikariDataSource       : HikariPool-2 - Shutdown initiated...
2023-08-23T00:25:01.196+03:00  INFO 18416 --- [Thread-8] com.zaxxer.hikari.HikariDataSource       : HikariPool-2 - Shutdown completed.
2023-08-23T00:25:01.550+03:00  INFO 18416 --- [restartedMain] com.emreunaldi.springboot.Application    : Starting Application using Java 20.0.1 with PID 18416 (C:\Users\emree\Desktop\JAVA\SpringBoot\target\classes started by emree in C:\Users\emree\Desktop\JAVA\SpringBoot)
2023-08-23T00:25:01.550+03:00  INFO 18416 --- [restartedMain] com.emreunaldi.springboot.Application    : No active profile set, falling back to 1 default profile: "default"
2023-08-23T00:25:02.497+03:00  INFO 18416 --- [restartedMain] .s.d.r.c.RepositoryConfigurationDelegate : Bootstrapping Spring Data JPA repositories in DEFAULT mode.
2023-08-23T00:25:02.585+03:00  INFO 18416 --- [restartedMain] .s.d.r.c.RepositoryConfigurationDelegate : Finished Spring Data repository scanning in 86 ms. Found 1 JPA repository interfaces.
2023-08-23T00:25:03.717+03:00  INFO 18416 --- [restartedMain] o.s.b.w.embedded.tomcat.TomcatWebServer  : Tomcat initialized with port(s): 8000 (http)
2023-08-23T00:25:03.719+03:00  INFO 18416 --- [restartedMain] o.apache.catalina.core.StandardService   : Starting service [Tomcat]
2023-08-23T00:25:03.719+03:00  INFO 18416 --- [restartedMain] o.apache.catalina.core.StandardEngine    : Starting Servlet engine: [Apache Tomcat/10.1.11]
2023-08-23T00:25:03.782+03:00  INFO 18416 --- [restartedMain] o.a.c.c.C.[Tomcat].[localhost].[/]       : Initializing Spring embedded WebApplicationContext
2023-08-23T00:25:03.782+03:00  INFO 18416 --- [restartedMain] w.s.c.ServletWebServerApplicationContext : Root WebApplicationContext: initialization completed in 2217 ms
2023-08-23T00:25:03.881+03:00  INFO 18416 --- [restartedMain] com.zaxxer.hikari.HikariDataSource       : HikariPool-3 - Starting...
2023-08-23T00:25:03.909+03:00  INFO 18416 --- [restartedMain] com.zaxxer.hikari.pool.HikariPool        : HikariPool-3 - Added connection conn40: url=jdbc:h2:file:./memory_persist/deneme user=ROOT
2023-08-23T00:25:03.910+03:00  INFO 18416 --- [restartedMain] com.zaxxer.hikari.HikariDataSource       : HikariPool-3 - Start completed.
2023-08-23T00:25:03.910+03:00  INFO 18416 --- [restartedMain] o.s.b.a.h2.H2ConsoleAutoConfiguration    : H2 console available at '/h2-console'. Database available at 'jdbc:h2:file:./memory_persist/deneme'
2023-08-23T00:25:04.094+03:00  INFO 18416 --- [restartedMain] o.hibernate.jpa.internal.util.LogHelper  : HHH000204: Processing PersistenceUnitInfo [name: default]
2023-08-23T00:25:04.151+03:00  INFO 18416 --- [restartedMain] o.h.b.i.BytecodeProviderInitiator        : HHH000021: Bytecode provider name : bytebuddy
2023-08-23T00:25:04.151+03:00  INFO 18416 --- [restartedMain] o.s.o.j.p.SpringPersistenceUnitInfo      : No LoadTimeWeaver setup: ignoring JPA class transformer
2023-08-23T00:25:04.172+03:00  INFO 18416 --- [restartedMain] o.h.b.i.BytecodeProviderInitiator        : HHH000021: Bytecode provider name : bytebuddy
2023-08-23T00:25:04.235+03:00  INFO 18416 --- [restartedMain] o.h.e.t.j.p.i.JtaPlatformInitiator       : HHH000490: Using JtaPlatform implementation: [org.hibernate.engine.transaction.jta.platform.internal.NoJtaPlatform]
2023-08-23T00:25:04.242+03:00  INFO 18416 --- [restartedMain] j.LocalContainerEntityManagerFactoryBean : Initialized JPA EntityManagerFactory for persistence unit 'default'
2023-08-23T00:25:04.421+03:00  WARN 18416 --- [restartedMain] JpaBaseConfiguration$JpaWebConfiguration : spring.jpa.open-in-view is enabled by default. Therefore, database queries may be performed during view rendering. Explicitly configure spring.jpa.open-in-view to disable this warning
2023-08-23T00:25:04.541+03:00  INFO 18416 --- [restartedMain] o.s.b.a.w.s.WelcomePageHandlerMapping    : Adding welcome page template: index
2023-08-23T00:25:05.600+03:00  INFO 18416 --- [restartedMain] o.s.b.d.a.OptionalLiveReloadServer       : LiveReload server is running on port 35729
2023-08-23T00:25:05.613+03:00  INFO 18416 --- [restartedMain] o.s.b.a.e.web.EndpointLinksResolver      : Exposing 1 endpoint(s) beneath base path '/actuator'
2023-08-23T00:25:05.675+03:00  INFO 18416 --- [restartedMain] o.s.b.w.embedded.tomcat.TomcatWebServer  : Tomcat started on port(s): 8000 (http) with context path ''
2023-08-23T00:25:05.701+03:00  INFO 18416 --- [restartedMain] com.emreunaldi.springboot.Application    : Started Application in 4.211 seconds (process running for 4899.986)
2023-08-23T00:25:05.705+03:00  INFO 18416 --- [restartedMain] .ConditionEvaluationDeltaLoggingListener : Condition evaluation unchanged
2023-08-23T00:25:07.050+03:00  INFO 18416 --- [File Watcher] rtingClassPathChangeChangedEventListener : Restarting due to 1 class path change (1 addition, 0 deletions, 0 modifications)
2023-08-23T00:25:07.125+03:00  INFO 18416 --- [Thread-12] o.apache.catalina.core.StandardService   : Stopping service [Tomcat]
2023-08-23T00:25:07.132+03:00  INFO 18416 --- [Thread-12] j.LocalContainerEntityManagerFactoryBean : Closing JPA EntityManagerFactory for persistence unit 'default'
2023-08-23T00:25:07.134+03:00  INFO 18416 --- [Thread-12] com.zaxxer.hikari.HikariDataSource       : HikariPool-3 - Shutdown initiated...
2023-08-23T00:25:07.178+03:00  INFO 18416 --- [Thread-12] com.zaxxer.hikari.HikariDataSource       : HikariPool-3 - Shutdown completed.
2023-08-23T00:25:07.362+03:00  INFO 18416 --- [restartedMain] com.emreunaldi.springboot.Application    : Starting Application using Java 20.0.1 with PID 18416 (C:\Users\emree\Desktop\JAVA\SpringBoot\target\classes started by emree in C:\Users\emree\Desktop\JAVA\SpringBoot)
2023-08-23T00:25:07.363+03:00  INFO 18416 --- [restartedMain] com.emreunaldi.springboot.Application    : No active profile set, falling back to 1 default profile: "default"
2023-08-23T00:25:07.979+03:00  INFO 18416 --- [restartedMain] .s.d.r.c.RepositoryConfigurationDelegate : Bootstrapping Spring Data JPA repositories in DEFAULT mode.
2023-08-23T00:25:07.994+03:00  INFO 18416 --- [restartedMain] .s.d.r.c.RepositoryConfigurationDelegate : Finished Spring Data repository scanning in 14 ms. Found 1 JPA repository interfaces.
2023-08-23T00:25:08.112+03:00  INFO 18416 --- [restartedMain] o.s.b.w.embedded.tomcat.TomcatWebServer  : Tomcat initialized with port(s): 8000 (http)
2023-08-23T00:25:08.114+03:00  INFO 18416 --- [restartedMain] o.apache.catalina.core.StandardService   : Starting service [Tomcat]
2023-08-23T00:25:08.114+03:00  INFO 18416 --- [restartedMain] o.apache.catalina.core.StandardEngine    : Starting Servlet engine: [Apache Tomcat/10.1.11]
2023-08-23T00:25:08.135+03:00  INFO 18416 --- [restartedMain] o.a.c.c.C.[Tomcat].[localhost].[/]       : Initializing Spring embedded WebApplicationContext
2023-08-23T00:25:08.135+03:00  INFO 18416 --- [restartedMain] w.s.c.ServletWebServerApplicationContext : Root WebApplicationContext: initialization completed in 768 ms
2023-08-23T00:25:08.161+03:00  INFO 18416 --- [restartedMain] com.zaxxer.hikari.HikariDataSource       : HikariPool-4 - Starting...
2023-08-23T00:25:08.170+03:00  INFO 18416 --- [restartedMain] com.zaxxer.hikari.pool.HikariPool        : HikariPool-4 - Added connection conn50: url=jdbc:h2:file:./memory_persist/deneme user=ROOT
2023-08-23T00:25:08.170+03:00  INFO 18416 --- [restartedMain] com.zaxxer.hikari.HikariDataSource       : HikariPool-4 - Start completed.
2023-08-23T00:25:08.171+03:00  INFO 18416 --- [restartedMain] o.s.b.a.h2.H2ConsoleAutoConfiguration    : H2 console available at '/h2-console'. Database available at 'jdbc:h2:file:./memory_persist/deneme'
2023-08-23T00:25:08.249+03:00  INFO 18416 --- [restartedMain] o.hibernate.jpa.internal.util.LogHelper  : HHH000204: Processing PersistenceUnitInfo [name: default]
2023-08-23T00:25:08.258+03:00  INFO 18416 --- [restartedMain] o.h.b.i.BytecodeProviderInitiator        : HHH000021: Bytecode provider name : bytebuddy
2023-08-23T00:25:08.258+03:00  INFO 18416 --- [restartedMain] o.s.o.j.p.SpringPersistenceUnitInfo      : No LoadTimeWeaver setup: ignoring JPA class transformer
2023-08-23T00:25:08.269+03:00  INFO 18416 --- [restartedMain] o.h.b.i.BytecodeProviderInitiator        : HHH000021: Bytecode provider name : bytebuddy
2023-08-23T00:25:08.300+03:00  INFO 18416 --- [restartedMain] o.h.e.t.j.p.i.JtaPlatformInitiator       : HHH000490: Using JtaPlatform implementation: [org.hibernate.engine.transaction.jta.platform.internal.NoJtaPlatform]
2023-08-23T00:25:08.303+03:00  INFO 18416 --- [restartedMain] j.LocalContainerEntityManagerFactoryBean : Initialized JPA EntityManagerFactory for persistence unit 'default'
2023-08-23T00:25:08.389+03:00  WARN 18416 --- [restartedMain] JpaBaseConfiguration$JpaWebConfiguration : spring.jpa.open-in-view is enabled by default. Therefore, database queries may be performed during view rendering. Explicitly configure spring.jpa.open-in-view to disable this warning
2023-08-23T00:25:08.424+03:00  INFO 18416 --- [restartedMain] o.s.b.a.w.s.WelcomePageHandlerMapping    : Adding welcome page template: index
2023-08-23T00:25:09.150+03:00  INFO 18416 --- [restartedMain] o.s.b.d.a.OptionalLiveReloadServer       : LiveReload server is running on port 35729
2023-08-23T00:25:09.156+03:00  INFO 18416 --- [restartedMain] o.s.b.a.e.web.EndpointLinksResolver      : Exposing 1 endpoint(s) beneath base path '/actuator'
2023-08-23T00:25:09.194+03:00  INFO 18416 --- [restartedMain] o.s.b.w.embedded.tomcat.TomcatWebServer  : Tomcat started on port(s): 8000 (http) with context path ''
2023-08-23T00:25:09.206+03:00  INFO 18416 --- [restartedMain] com.emreunaldi.springboot.Application    : Started Application in 1.922 seconds (process running for 4903.491)
2023-08-23T00:25:09.208+03:00  INFO 18416 --- [restartedMain] .ConditionEvaluationDeltaLoggingListener : Condition evaluation unchanged
2023-08-23T00:25:58.808+03:00  INFO 18416 --- [File Watcher] rtingClassPathChangeChangedEventListener : Restarting due to 2 class path changes (0 additions, 1 deletion, 1 modification)
2023-08-23T00:25:58.822+03:00  INFO 18416 --- [Thread-16] o.apache.catalina.core.StandardService   : Stopping service [Tomcat]
2023-08-23T00:25:58.828+03:00  INFO 18416 --- [Thread-16] j.LocalContainerEntityManagerFactoryBean : Closing JPA EntityManagerFactory for persistence unit 'default'
2023-08-23T00:25:58.830+03:00  INFO 18416 --- [Thread-16] com.zaxxer.hikari.HikariDataSource       : HikariPool-4 - Shutdown initiated...
2023-08-23T00:25:58.842+03:00  INFO 18416 --- [Thread-16] com.zaxxer.hikari.HikariDataSource       : HikariPool-4 - Shutdown completed.
2023-08-23T00:25:58.940+03:00  INFO 18416 --- [restartedMain] com.emreunaldi.springboot.Application    : Starting Application using Java 20.0.1 with PID 18416 (C:\Users\emree\Desktop\JAVA\SpringBoot\target\classes started by emree in C:\Users\emree\Desktop\JAVA\SpringBoot)
2023-08-23T00:25:58.940+03:00  INFO 18416 --- [restartedMain] com.emreunaldi.springboot.Application    : No active profile set, falling back to 1 default profile: "default"
2023-08-23T00:25:59.534+03:00  INFO 18416 --- [restartedMain] .s.d.r.c.RepositoryConfigurationDelegate : Bootstrapping Spring Data JPA repositories in DEFAULT mode.
2023-08-23T00:25:59.544+03:00  INFO 18416 --- [restartedMain] .s.d.r.c.RepositoryConfigurationDelegate : Finished Spring Data repository scanning in 9 ms. Found 1 JPA repository interfaces.
2023-08-23T00:25:59.686+03:00  INFO 18416 --- [restartedMain] o.s.b.w.embedded.tomcat.TomcatWebServer  : Tomcat initialized with port(s): 8000 (http)
2023-08-23T00:25:59.687+03:00  INFO 18416 --- [restartedMain] o.apache.catalina.core.StandardService   : Starting service [Tomcat]
2023-08-23T00:25:59.687+03:00  INFO 18416 --- [restartedMain] o.apache.catalina.core.StandardEngine    : Starting Servlet engine: [Apache Tomcat/10.1.11]
2023-08-23T00:25:59.709+03:00  INFO 18416 --- [restartedMain] o.a.c.c.C.[Tomcat].[localhost].[/]       : Initializing Spring embedded WebApplicationContext
2023-08-23T00:25:59.709+03:00  INFO 18416 --- [restartedMain] w.s.c.ServletWebServerApplicationContext : Root WebApplicationContext: initialization completed in 765 ms
2023-08-23T00:25:59.760+03:00  INFO 18416 --- [restartedMain] com.zaxxer.hikari.HikariDataSource       : HikariPool-5 - Starting...
2023-08-23T00:25:59.772+03:00  INFO 18416 --- [restartedMain] com.zaxxer.hikari.pool.HikariPool        : HikariPool-5 - Added connection conn60: url=jdbc:h2:file:./memory_persist/deneme user=ROOT
2023-08-23T00:25:59.772+03:00  INFO 18416 --- [restartedMain] com.zaxxer.hikari.HikariDataSource       : HikariPool-5 - Start completed.
2023-08-23T00:25:59.772+03:00  INFO 18416 --- [restartedMain] o.s.b.a.h2.H2ConsoleAutoConfiguration    : H2 console available at '/h2-console'. Database available at 'jdbc:h2:file:./memory_persist/deneme'
2023-08-23T00:25:59.829+03:00  INFO 18416 --- [restartedMain] o.hibernate.jpa.internal.util.LogHelper  : HHH000204: Processing PersistenceUnitInfo [name: default]
2023-08-23T00:25:59.835+03:00  INFO 18416 --- [restartedMain] o.h.b.i.BytecodeProviderInitiator        : HHH000021: Bytecode provider name : bytebuddy
2023-08-23T00:25:59.835+03:00  INFO 18416 --- [restartedMain] o.s.o.j.p.SpringPersistenceUnitInfo      : No LoadTimeWeaver setup: ignoring JPA class transformer
2023-08-23T00:25:59.845+03:00  INFO 18416 --- [restartedMain] o.h.b.i.BytecodeProviderInitiator        : HHH000021: Bytecode provider name : bytebuddy
2023-08-23T00:25:59.872+03:00  INFO 18416 --- [restartedMain] o.h.e.t.j.p.i.JtaPlatformInitiator       : HHH000490: Using JtaPlatform implementation: [org.hibernate.engine.transaction.jta.platform.internal.NoJtaPlatform]
2023-08-23T00:25:59.876+03:00  INFO 18416 --- [restartedMain] j.LocalContainerEntityManagerFactoryBean : Initialized JPA EntityManagerFactory for persistence unit 'default'
2023-08-23T00:26:00.034+03:00  WARN 18416 --- [restartedMain] JpaBaseConfiguration$JpaWebConfiguration : spring.jpa.open-in-view is enabled by default. Therefore, database queries may be performed during view rendering. Explicitly configure spring.jpa.open-in-view to disable this warning
2023-08-23T00:26:00.121+03:00  INFO 18416 --- [restartedMain] o.s.b.a.w.s.WelcomePageHandlerMapping    : Adding welcome page template: index
2023-08-23T00:26:00.738+03:00  INFO 18416 --- [restartedMain] o.s.b.d.a.OptionalLiveReloadServer       : LiveReload server is running on port 35729
2023-08-23T00:26:00.745+03:00  INFO 18416 --- [restartedMain] o.s.b.a.e.web.EndpointLinksResolver      : Exposing 1 endpoint(s) beneath base path '/actuator'
2023-08-23T00:26:00.788+03:00  INFO 18416 --- [restartedMain] o.s.b.w.embedded.tomcat.TomcatWebServer  : Tomcat started on port(s): 8000 (http) with context path ''
2023-08-23T00:26:00.807+03:00  INFO 18416 --- [restartedMain] com.emreunaldi.springboot.Application    : Started Application in 1.907 seconds (process running for 4955.092)
2023-08-23T00:26:00.811+03:00  INFO 18416 --- [restartedMain] .ConditionEvaluationDeltaLoggingListener : Condition evaluation unchanged
2023-08-23T00:26:02.187+03:00  INFO 18416 --- [File Watcher] rtingClassPathChangeChangedEventListener : Restarting due to 1 class path change (1 addition, 0 deletions, 0 modifications)
2023-08-23T00:26:02.197+03:00  INFO 18416 --- [Thread-20] o.apache.catalina.core.StandardService   : Stopping service [Tomcat]
2023-08-23T00:26:02.202+03:00  INFO 18416 --- [Thread-20] j.LocalContainerEntityManagerFactoryBean : Closing JPA EntityManagerFactory for persistence unit 'default'
2023-08-23T00:26:02.203+03:00  INFO 18416 --- [Thread-20] com.zaxxer.hikari.HikariDataSource       : HikariPool-5 - Shutdown initiated...
2023-08-23T00:26:02.218+03:00  INFO 18416 --- [Thread-20] com.zaxxer.hikari.HikariDataSource       : HikariPool-5 - Shutdown completed.
2023-08-23T00:26:02.304+03:00  INFO 18416 --- [restartedMain] com.emreunaldi.springboot.Application    : Starting Application using Java 20.0.1 with PID 18416 (C:\Users\emree\Desktop\JAVA\SpringBoot\target\classes started by emree in C:\Users\emree\Desktop\JAVA\SpringBoot)
2023-08-23T00:26:02.304+03:00  INFO 18416 --- [restartedMain] com.emreunaldi.springboot.Application    : No active profile set, falling back to 1 default profile: "default"
2023-08-23T00:26:02.697+03:00  INFO 18416 --- [restartedMain] .s.d.r.c.RepositoryConfigurationDelegate : Bootstrapping Spring Data JPA repositories in DEFAULT mode.
2023-08-23T00:26:02.709+03:00  INFO 18416 --- [restartedMain] .s.d.r.c.RepositoryConfigurationDelegate : Finished Spring Data repository scanning in 12 ms. Found 1 JPA repository interfaces.
2023-08-23T00:26:02.848+03:00  INFO 18416 --- [restartedMain] o.s.b.w.embedded.tomcat.TomcatWebServer  : Tomcat initialized with port(s): 8000 (http)
2023-08-23T00:26:02.849+03:00  INFO 18416 --- [restartedMain] o.apache.catalina.core.StandardService   : Starting service [Tomcat]
2023-08-23T00:26:02.849+03:00  INFO 18416 --- [restartedMain] o.apache.catalina.core.StandardEngine    : Starting Servlet engine: [Apache Tomcat/10.1.11]
2023-08-23T00:26:02.869+03:00  INFO 18416 --- [restartedMain] o.a.c.c.C.[Tomcat].[localhost].[/]       : Initializing Spring embedded WebApplicationContext
2023-08-23T00:26:02.869+03:00  INFO 18416 --- [restartedMain] w.s.c.ServletWebServerApplicationContext : Root WebApplicationContext: initialization completed in 563 ms
2023-08-23T00:26:02.914+03:00  INFO 18416 --- [restartedMain] com.zaxxer.hikari.HikariDataSource       : HikariPool-6 - Starting...
2023-08-23T00:26:02.928+03:00  INFO 18416 --- [restartedMain] com.zaxxer.hikari.pool.HikariPool        : HikariPool-6 - Added connection conn70: url=jdbc:h2:file:./memory_persist/deneme user=ROOT
2023-08-23T00:26:02.928+03:00  INFO 18416 --- [restartedMain] com.zaxxer.hikari.HikariDataSource       : HikariPool-6 - Start completed.
2023-08-23T00:26:02.928+03:00  INFO 18416 --- [restartedMain] o.s.b.a.h2.H2ConsoleAutoConfiguration    : H2 console available at '/h2-console'. Database available at 'jdbc:h2:file:./memory_persist/deneme'
2023-08-23T00:26:03.000+03:00  INFO 18416 --- [restartedMain] o.hibernate.jpa.internal.util.LogHelper  : HHH000204: Processing PersistenceUnitInfo [name: default]
2023-08-23T00:26:03.008+03:00  INFO 18416 --- [restartedMain] o.h.b.i.BytecodeProviderInitiator        : HHH000021: Bytecode provider name : bytebuddy
2023-08-23T00:26:03.008+03:00  INFO 18416 --- [restartedMain] o.s.o.j.p.SpringPersistenceUnitInfo      : No LoadTimeWeaver setup: ignoring JPA class transformer
2023-08-23T00:26:03.018+03:00  INFO 18416 --- [restartedMain] o.h.b.i.BytecodeProviderInitiator        : HHH000021: Bytecode provider name : bytebuddy
2023-08-23T00:26:03.052+03:00  INFO 18416 --- [restartedMain] o.h.e.t.j.p.i.JtaPlatformInitiator       : HHH000490: Using JtaPlatform implementation: [org.hibernate.engine.transaction.jta.platform.internal.NoJtaPlatform]
2023-08-23T00:26:03.056+03:00  INFO 18416 --- [restartedMain] j.LocalContainerEntityManagerFactoryBean : Initialized JPA EntityManagerFactory for persistence unit 'default'
2023-08-23T00:26:03.217+03:00  WARN 18416 --- [restartedMain] JpaBaseConfiguration$JpaWebConfiguration : spring.jpa.open-in-view is enabled by default. Therefore, database queries may be performed during view rendering. Explicitly configure spring.jpa.open-in-view to disable this warning
2023-08-23T00:26:03.278+03:00  INFO 18416 --- [restartedMain] o.s.b.a.w.s.WelcomePageHandlerMapping    : Adding welcome page template: index
2023-08-23T00:26:03.792+03:00  INFO 18416 --- [restartedMain] o.s.b.d.a.OptionalLiveReloadServer       : LiveReload server is running on port 35729
2023-08-23T00:26:03.796+03:00  INFO 18416 --- [restartedMain] o.s.b.a.e.web.EndpointLinksResolver      : Exposing 1 endpoint(s) beneath base path '/actuator'
2023-08-23T00:26:03.822+03:00  INFO 18416 --- [restartedMain] o.s.b.w.embedded.tomcat.TomcatWebServer  : Tomcat started on port(s): 8000 (http) with context path ''
2023-08-23T00:26:03.840+03:00  INFO 18416 --- [restartedMain] com.emreunaldi.springboot.Application    : Started Application in 1.563 seconds (process running for 4958.125)
2023-08-23T00:26:03.843+03:00  INFO 18416 --- [restartedMain] .ConditionEvaluationDeltaLoggingListener : Condition evaluation unchanged
2023-08-23T00:27:12.037+03:00  INFO 18416 --- [File Watcher] rtingClassPathChangeChangedEventListener : Restarting due to 2 class path changes (0 additions, 1 deletion, 1 modification)
2023-08-23T00:27:12.063+03:00  INFO 18416 --- [Thread-24] o.apache.catalina.core.StandardService   : Stopping service [Tomcat]
2023-08-23T00:27:12.077+03:00  INFO 18416 --- [Thread-24] j.LocalContainerEntityManagerFactoryBean : Closing JPA EntityManagerFactory for persistence unit 'default'
2023-08-23T00:27:12.078+03:00  INFO 18416 --- [Thread-24] com.zaxxer.hikari.HikariDataSource       : HikariPool-6 - Shutdown initiated...
2023-08-23T00:27:12.097+03:00  INFO 18416 --- [Thread-24] com.zaxxer.hikari.HikariDataSource       : HikariPool-6 - Shutdown completed.
2023-08-23T00:27:12.237+03:00  INFO 18416 --- [restartedMain] com.emreunaldi.springboot.Application    : Starting Application using Java 20.0.1 with PID 18416 (C:\Users\emree\Desktop\JAVA\SpringBoot\target\classes started by emree in C:\Users\emree\Desktop\JAVA\SpringBoot)
2023-08-23T00:27:12.237+03:00  INFO 18416 --- [restartedMain] com.emreunaldi.springboot.Application    : No active profile set, falling back to 1 default profile: "default"
2023-08-23T00:27:12.774+03:00  INFO 18416 --- [restartedMain] .s.d.r.c.RepositoryConfigurationDelegate : Bootstrapping Spring Data JPA repositories in DEFAULT mode.
2023-08-23T00:27:12.785+03:00  INFO 18416 --- [restartedMain] .s.d.r.c.RepositoryConfigurationDelegate : Finished Spring Data repository scanning in 11 ms. Found 1 JPA repository interfaces.
2023-08-23T00:27:12.932+03:00  INFO 18416 --- [restartedMain] o.s.b.w.embedded.tomcat.TomcatWebServer  : Tomcat initialized with port(s): 8000 (http)
2023-08-23T00:27:12.933+03:00  INFO 18416 --- [restartedMain] o.apache.catalina.core.StandardService   : Starting service [Tomcat]
2023-08-23T00:27:12.933+03:00  INFO 18416 --- [restartedMain] o.apache.catalina.core.StandardEngine    : Starting Servlet engine: [Apache Tomcat/10.1.11]
2023-08-23T00:27:12.960+03:00  INFO 18416 --- [restartedMain] o.a.c.c.C.[Tomcat].[localhost].[/]       : Initializing Spring embedded WebApplicationContext
2023-08-23T00:27:12.960+03:00  INFO 18416 --- [restartedMain] w.s.c.ServletWebServerApplicationContext : Root WebApplicationContext: initialization completed in 720 ms
2023-08-23T00:27:13.020+03:00  INFO 18416 --- [restartedMain] com.zaxxer.hikari.HikariDataSource       : HikariPool-7 - Starting...
2023-08-23T00:27:13.036+03:00  INFO 18416 --- [restartedMain] com.zaxxer.hikari.pool.HikariPool        : HikariPool-7 - Added connection conn80: url=jdbc:h2:file:./memory_persist/deneme user=ROOT
2023-08-23T00:27:13.037+03:00  INFO 18416 --- [restartedMain] com.zaxxer.hikari.HikariDataSource       : HikariPool-7 - Start completed.
2023-08-23T00:27:13.037+03:00  INFO 18416 --- [restartedMain] o.s.b.a.h2.H2ConsoleAutoConfiguration    : H2 console available at '/h2-console'. Database available at 'jdbc:h2:file:./memory_persist/deneme'
2023-08-23T00:27:13.114+03:00  INFO 18416 --- [restartedMain] o.hibernate.jpa.internal.util.LogHelper  : HHH000204: Processing PersistenceUnitInfo [name: default]
2023-08-23T00:27:13.124+03:00  INFO 18416 --- [restartedMain] o.h.b.i.BytecodeProviderInitiator        : HHH000021: Bytecode provider name : bytebuddy
2023-08-23T00:27:13.124+03:00  INFO 18416 --- [restartedMain] o.s.o.j.p.SpringPersistenceUnitInfo      : No LoadTimeWeaver setup: ignoring JPA class transformer
2023-08-23T00:27:13.138+03:00  INFO 18416 --- [restartedMain] o.h.b.i.BytecodeProviderInitiator        : HHH000021: Bytecode provider name : bytebuddy
2023-08-23T00:27:13.176+03:00  INFO 18416 --- [restartedMain] o.h.e.t.j.p.i.JtaPlatformInitiator       : HHH000490: Using JtaPlatform implementation: [org.hibernate.engine.transaction.jta.platform.internal.NoJtaPlatform]
2023-08-23T00:27:13.179+03:00  INFO 18416 --- [restartedMain] j.LocalContainerEntityManagerFactoryBean : Initialized JPA EntityManagerFactory for persistence unit 'default'
2023-08-23T00:27:13.362+03:00  WARN 18416 --- [restartedMain] JpaBaseConfiguration$JpaWebConfiguration : spring.jpa.open-in-view is enabled by default. Therefore, database queries may be performed during view rendering. Explicitly configure spring.jpa.open-in-view to disable this warning
2023-08-23T00:27:13.485+03:00  INFO 18416 --- [restartedMain] o.s.b.a.w.s.WelcomePageHandlerMapping    : Adding welcome page template: index
2023-08-23T00:27:14.202+03:00  INFO 18416 --- [restartedMain] o.s.b.d.a.OptionalLiveReloadServer       : LiveReload server is running on port 35729
2023-08-23T00:27:14.205+03:00  INFO 18416 --- [restartedMain] o.s.b.a.e.web.EndpointLinksResolver      : Exposing 1 endpoint(s) beneath base path '/actuator'
2023-08-23T00:27:14.227+03:00  INFO 18416 --- [restartedMain] o.s.b.w.embedded.tomcat.TomcatWebServer  : Tomcat started on port(s): 8000 (http) with context path ''
2023-08-23T00:27:14.241+03:00  INFO 18416 --- [restartedMain] com.emreunaldi.springboot.Application    : Started Application in 2.045 seconds (process running for 5028.525)
2023-08-23T00:27:14.243+03:00  INFO 18416 --- [restartedMain] .ConditionEvaluationDeltaLoggingListener : Condition evaluation unchanged
2023-08-23T00:27:15.660+03:00  INFO 18416 --- [File Watcher] rtingClassPathChangeChangedEventListener : Restarting due to 1 class path change (1 addition, 0 deletions, 0 modifications)
2023-08-23T00:27:15.673+03:00  INFO 18416 --- [Thread-28] o.apache.catalina.core.StandardService   : Stopping service [Tomcat]
2023-08-23T00:27:15.678+03:00  INFO 18416 --- [Thread-28] j.LocalContainerEntityManagerFactoryBean : Closing JPA EntityManagerFactory for persistence unit 'default'
2023-08-23T00:27:15.680+03:00  INFO 18416 --- [Thread-28] com.zaxxer.hikari.HikariDataSource       : HikariPool-7 - Shutdown initiated...
2023-08-23T00:27:15.693+03:00  INFO 18416 --- [Thread-28] com.zaxxer.hikari.HikariDataSource       : HikariPool-7 - Shutdown completed.
2023-08-23T00:27:15.784+03:00  INFO 18416 --- [restartedMain] com.emreunaldi.springboot.Application    : Starting Application using Java 20.0.1 with PID 18416 (C:\Users\emree\Desktop\JAVA\SpringBoot\target\classes started by emree in C:\Users\emree\Desktop\JAVA\SpringBoot)
2023-08-23T00:27:15.784+03:00  INFO 18416 --- [restartedMain] com.emreunaldi.springboot.Application    : No active profile set, falling back to 1 default profile: "default"
2023-08-23T00:27:16.283+03:00  INFO 18416 --- [restartedMain] .s.d.r.c.RepositoryConfigurationDelegate : Bootstrapping Spring Data JPA repositories in DEFAULT mode.
2023-08-23T00:27:16.295+03:00  INFO 18416 --- [restartedMain] .s.d.r.c.RepositoryConfigurationDelegate : Finished Spring Data repository scanning in 11 ms. Found 1 JPA repository interfaces.
2023-08-23T00:27:16.470+03:00  INFO 18416 --- [restartedMain] o.s.b.w.embedded.tomcat.TomcatWebServer  : Tomcat initialized with port(s): 8000 (http)
2023-08-23T00:27:16.470+03:00  INFO 18416 --- [restartedMain] o.apache.catalina.core.StandardService   : Starting service [Tomcat]
2023-08-23T00:27:16.471+03:00  INFO 18416 --- [restartedMain] o.apache.catalina.core.StandardEngine    : Starting Servlet engine: [Apache Tomcat/10.1.11]
2023-08-23T00:27:16.498+03:00  INFO 18416 --- [restartedMain] o.a.c.c.C.[Tomcat].[localhost].[/]       : Initializing Spring embedded WebApplicationContext
2023-08-23T00:27:16.498+03:00  INFO 18416 --- [restartedMain] w.s.c.ServletWebServerApplicationContext : Root WebApplicationContext: initialization completed in 712 ms
2023-08-23T00:27:16.561+03:00  INFO 18416 --- [restartedMain] com.zaxxer.hikari.HikariDataSource       : HikariPool-8 - Starting...
2023-08-23T00:27:16.576+03:00  INFO 18416 --- [restartedMain] com.zaxxer.hikari.pool.HikariPool        : HikariPool-8 - Added connection conn90: url=jdbc:h2:file:./memory_persist/deneme user=ROOT
2023-08-23T00:27:16.576+03:00  INFO 18416 --- [restartedMain] com.zaxxer.hikari.HikariDataSource       : HikariPool-8 - Start completed.
2023-08-23T00:27:16.576+03:00  INFO 18416 --- [restartedMain] o.s.b.a.h2.H2ConsoleAutoConfiguration    : H2 console available at '/h2-console'. Database available at 'jdbc:h2:file:./memory_persist/deneme'
2023-08-23T00:27:16.642+03:00  INFO 18416 --- [restartedMain] o.hibernate.jpa.internal.util.LogHelper  : HHH000204: Processing PersistenceUnitInfo [name: default]
2023-08-23T00:27:16.652+03:00  INFO 18416 --- [restartedMain] o.h.b.i.BytecodeProviderInitiator        : HHH000021: Bytecode provider name : bytebuddy
2023-08-23T00:27:16.652+03:00  INFO 18416 --- [restartedMain] o.s.o.j.p.SpringPersistenceUnitInfo      : No LoadTimeWeaver setup: ignoring JPA class transformer
2023-08-23T00:27:16.663+03:00  INFO 18416 --- [restartedMain] o.h.b.i.BytecodeProviderInitiator        : HHH000021: Bytecode provider name : bytebuddy
2023-08-23T00:27:16.700+03:00  INFO 18416 --- [restartedMain] o.h.e.t.j.p.i.JtaPlatformInitiator       : HHH000490: Using JtaPlatform implementation: [org.hibernate.engine.transaction.jta.platform.internal.NoJtaPlatform]
2023-08-23T00:27:16.704+03:00  INFO 18416 --- [restartedMain] j.LocalContainerEntityManagerFactoryBean : Initialized JPA EntityManagerFactory for persistence unit 'default'
2023-08-23T00:27:16.825+03:00  WARN 18416 --- [restartedMain] JpaBaseConfiguration$JpaWebConfiguration : spring.jpa.open-in-view is enabled by default. Therefore, database queries may be performed during view rendering. Explicitly configure spring.jpa.open-in-view to disable this warning
2023-08-23T00:27:16.868+03:00  INFO 18416 --- [restartedMain] o.s.b.a.w.s.WelcomePageHandlerMapping    : Adding welcome page template: index
2023-08-23T00:27:17.406+03:00  INFO 18416 --- [restartedMain] o.s.b.d.a.OptionalLiveReloadServer       : LiveReload server is running on port 35729
2023-08-23T00:27:17.409+03:00  INFO 18416 --- [restartedMain] o.s.b.a.e.web.EndpointLinksResolver      : Exposing 1 endpoint(s) beneath base path '/actuator'
2023-08-23T00:27:17.432+03:00  INFO 18416 --- [restartedMain] o.s.b.w.embedded.tomcat.TomcatWebServer  : Tomcat started on port(s): 8000 (http) with context path ''
2023-08-23T00:27:17.444+03:00  INFO 18416 --- [restartedMain] com.emreunaldi.springboot.Application    : Started Application in 1.686 seconds (process running for 5031.729)
2023-08-23T00:27:17.446+03:00  INFO 18416 --- [restartedMain] .ConditionEvaluationDeltaLoggingListener : Condition evaluation unchanged
2023-08-23T00:30:20.874+03:00  INFO 18416 --- [http-nio-8000-exec-1] o.a.c.c.C.[Tomcat].[localhost].[/]       : Initializing Spring DispatcherServlet 'dispatcherServlet'
2023-08-23T00:30:20.876+03:00  INFO 18416 --- [http-nio-8000-exec-1] o.s.web.servlet.DispatcherServlet        : Initializing Servlet 'dispatcherServlet'
2023-08-23T00:30:20.881+03:00  INFO 18416 --- [http-nio-8000-exec-1] o.s.web.servlet.DispatcherServlet        : Completed initialization in 5 ms
2023-08-23T00:30:25.704+03:00  WARN 18416 --- [http-nio-8000-exec-2] .w.s.m.a.ResponseStatusExceptionResolver : Resolved [com.emreunaldi.springboot.exception.ResourceNotFoundException: Employee not exist with id : 5]
2023-08-23T00:37:25.339+03:00  INFO 18416 --- [SpringApplicationShutdownHook] j.LocalContainerEntityManagerFactoryBean : Closing JPA EntityManagerFactory for persistence unit 'default'
2023-08-23T00:37:25.340+03:00  INFO 18416 --- [SpringApplicationShutdownHook] com.zaxxer.hikari.HikariDataSource       : HikariPool-8 - Shutdown initiated...
2023-08-23T00:37:25.340+03:00  INFO 18416 --- [SpringApplicationShutdownHook] com.zaxxer.hikari.HikariDataSource       : HikariPool-8 - Shutdown completed.
